Build started 02/02/2014 9:08:56 PM.
     1>Project "C:\Users\Matthew\Documents\GitHub\A1\jan22\jan22.vcxproj" on node 2 (Build target(s)).
     1>ClCompile:
         C:\Program Files (x86)\Microsoft Visual Studio 11.0\VC\bin\CL.exe /c /ZI /nologo /W3 /WX- /sdl /Od /Oy- /D _MBCS /Gm /EHsc /RTC1 /MDd /GS /fp:precise /Zc:wchar_t /Zc:forScope /Fo"Debug\\" /Fd"Debug\vc110.pdb" /Gd /TP /analyze- /errorReport:prompt a1test.cpp consolelineedit.cpp
         consolelineedit.cpp
     1>c:\users\matthew\documents\github\a1\jan22\consolelineedit.cpp(79): error C2143: syntax error : missing ';' before 'return'
         a1test.cpp
         Generating Code...
     1>Done Building Project "C:\Users\Matthew\Documents\GitHub\A1\jan22\jan22.vcxproj" (Build target(s)) -- FAILED.

Build FAILED.

Time Elapsed 00:00:00.66
